[debug] [2019-06-13T09:45:17.235Z] ----------------------------------------------------------------------
[debug] [2019-06-13T09:45:17.239Z] Command:       C:\Program Files\nodejs\node.exe D:\Users\1502626\AppData\Roaming\npm\node_modules\firebase-tools\lib\bin\firebase.js init
[debug] [2019-06-13T09:45:17.239Z] CLI Version:   7.0.0
[debug] [2019-06-13T09:45:17.239Z] Platform:      win32
[debug] [2019-06-13T09:45:17.239Z] Node Version:  v10.13.0
[debug] [2019-06-13T09:45:17.242Z] Time:          Thu Jun 13 2019 15:15:17 GMT+0530 (India Standard Time)
[debug] [2019-06-13T09:45:17.242Z] ----------------------------------------------------------------------
[debug] 
[debug] [2019-06-13T09:45:17.262Z] > command requires scopes: ["email","openid","https://www.googleapis.com/auth/cloudplatformprojects.readonly","https://www.googleapis.com/auth/firebase","https://www.googleapis.com/auth/cloud-platform"]
[debug] [2019-06-13T09:45:17.265Z] > authorizing via signed-in user
[info] 
     ######## #### ########  ######## ########     ###     ######  ########
     ##        ##  ##     ## ##       ##     ##  ##   ##  ##       ##
     ######    ##  ########  ######   ########  #########  ######  ######
     ##        ##  ##    ##  ##       ##     ## ##     ##       ## ##
     ##       #### ##     ## ######## ########  ##     ##  ######  ########

You're about to initialize a Firebase project in this directory:

  D:\Users\1502626\Desktop\Angular\mobile_ui-master\mobile_ui-master

[info] 
=== Project Setup
[info] 
[info] First, let's associate this project directory with a Firebase project.
[info] You can create multiple project aliases by running firebase use --add, 
[info] but for now we'll just set up a default project.
[info] 
[debug] [2019-06-13T09:45:58.272Z] > refreshing access token with scopes: ["email","https://www.googleapis.com/auth/cloud-platform","https://www.googleapis.com/auth/cloudplatformprojects.readonly","https://www.googleapis.com/auth/firebase","openid"]
[debug] [2019-06-13T09:45:58.272Z] >>> HTTP REQUEST POST https://www.googleapis.com/oauth2/v3/token  
 <request body omitted>
[debug] [2019-06-13T09:46:00.689Z] <<< HTTP RESPONSE 200
[debug] [2019-06-13T09:46:00.713Z] >>> HTTP REQUEST GET https://firebase.googleapis.com/v1beta1/projects?page_size=100  
 
[debug] [2019-06-13T09:46:03.264Z] <<< HTTP RESPONSE 200
[info] 
=== Hosting Setup
[info] 
[info] Your public directory is the folder (relative to your project directory) that
[info] will contain Hosting assets to be uploaded with firebase deploy. If you
[info] have a build process for your assets, use your build's output directory.
[info] 
[debug] [2019-06-13T09:47:10.384Z] Error: kill ENOSYS
    at process.kill (internal/process/per_thread.js:198:13)
    at process.listener (D:\Users\1502626\AppData\Roaming\npm\node_modules\firebase-tools\node_modules\signal-exit\index.js:95:15)
    at process.emit (events.js:182:13)
[error] 
[error] Error: An unexpected error has occurred.
